# JRE version: Java(TM) SE Runtime Environment (17.0.2+8) (build 17.0.2+8-LTS-86)
# Java VM: Java HotSpot(TM) 64-Bit Server VM (17.0.2+8-LTS-86, mixed mode, sharing, tiered, compressed oops, compressed class ptrs, g1 gc, windows-amd64)
GC Precious Log:
 CPUs: 4 total, 4 available
 Memory: 8074M
 Large Page Support: Disabled
 NUMA Support: Disabled
 Compressed Oops: Enabled (32-bit)
 Heap Region Size: 1M
 Heap Min Capacity: 8M
 Heap Initial Capacity: 128M
 Heap Max Capacity: 2020M
 Pre-touch: Disabled
 Parallel Workers: 4
 Concurrent Workers: 1
 Concurrent Refinement Workers: 4
 Periodic GC: Disabled
Heap:
 garbage-first heap   total 20480K, used 6058K [0x0000000081c00000, 0x0000000100000000)
  region size 1024K, 3 young (3072K), 0 survivors (0K)
 Metaspace       used 3014K, committed 3136K, reserved 1056768K
  class space    used 314K, committed 384K, reserved 1048576K
GC Heap History (12 events):
Event: 0.203 GC heap before
{Heap before GC invocations=0 (full 0):
 garbage-first heap   total 131072K, used 3072K [0x0000000081c00000, 0x0000000100000000)
  region size 1024K, 4 young (4096K), 0 survivors (0K)
 Metaspace       used 1299K, committed 1408K, reserved 1056768K
  class space    used 115K, committed 192K, reserved 1048576K
}
Event: 0.207 GC heap after
{Heap after GC invocations=1 (full 1):
 garbage-first heap   total 10240K, used 1058K [0x0000000081c00000, 0x0000000100000000)
  region size 1024K, 0 young (0K), 0 survivors (0K)
 Metaspace       used 1299K, committed 1408K, reserved 1056768K
  class space    used 115K, committed 192K, reserved 1048576K
}
Event: 0.303 GC heap before
{Heap before GC invocations=1 (full 1):
 garbage-first heap   total 10240K, used 3106K [0x0000000081c00000, 0x0000000100000000)
  region size 1024K, 2 young (2048K), 0 survivors (0K)
 Metaspace       used 1773K, committed 1920K, reserved 1056768K
  class space    used 157K, committed 256K, reserved 1048576K
}
Event: 0.304 GC heap after
{Heap after GC invocations=2 (full 1):
 garbage-first heap   total 10240K, used 1634K [0x0000000081c00000, 0x0000000100000000)
  region size 1024K, 1 young (1024K), 1 survivors (1024K)
 Metaspace       used 1773K, committed 1920K, reserved 1056768K
  class space    used 157K, committed 256K, reserved 1048576K
}
Event: 0.331 GC heap before
{Heap before GC invocations=2 (full 1):
 garbage-first heap   total 10240K, used 2658K [0x0000000081c00000, 0x0000000100000000)
  region size 1024K, 2 young (2048K), 1 survivors (1024K)
 Metaspace       used 1868K, committed 2048K, reserved 1056768K
  class space    used 166K, committed 256K, reserved 1048576K
}
Event: 0.333 GC heap after
{Heap after GC invocations=3 (full 1):
 garbage-first heap   total 10240K, used 1720K [0x0000000081c00000, 0x0000000100000000)
  region size 1024K, 1 young (1024K), 1 survivors (1024K)
 Metaspace       used 1868K, committed 2048K, reserved 1056768K
  class space    used 166K, committed 256K, reserved 1048576K
}
Event: 0.359 GC heap before
{Heap before GC invocations=3 (full 1):
 garbage-first heap   total 10240K, used 3768K [0x0000000081c00000, 0x0000000100000000)
  region size 1024K, 3 young (3072K), 1 survivors (1024K)
 Metaspace       used 1900K, committed 2048K, reserved 1056768K
  class space    used 166K, committed 256K, reserved 1048576K
}
Event: 0.361 GC heap after
{Heap after GC invocations=4 (full 1):
 garbage-first heap   total 10240K, used 1979K [0x0000000081c00000, 0x0000000100000000)
  region size 1024K, 1 young (1024K), 1 survivors (1024K)
 Metaspace       used 1900K, committed 2048K, reserved 1056768K
  class space    used 166K, committed 256K, reserved 1048576K
}
Event: 0.375 GC heap before
{Heap before GC invocations=4 (full 1):
 garbage-first heap   total 10240K, used 4027K [0x0000000081c00000, 0x0000000100000000)
  region size 1024K, 3 young (3072K), 1 survivors (1024K)
 Metaspace       used 1916K, committed 2112K, reserved 1056768K
  class space    used 166K, committed 256K, reserved 1048576K
}
Event: 0.376 GC heap after
{Heap after GC invocations=5 (full 1):
 garbage-first heap   total 70656K, used 2196K [0x0000000081c00000, 0x0000000100000000)
  region size 1024K, 1 young (1024K), 1 survivors (1024K)
 Metaspace       used 1916K, committed 2112K, reserved 1056768K
  class space    used 166K, committed 256K, reserved 1048576K
}
Event: 0.517 GC heap before
{Heap before GC invocations=5 (full 1):
 garbage-first heap   total 70656K, used 25748K [0x0000000081c00000, 0x0000000100000000)
  region size 1024K, 25 young (25600K), 1 survivors (1024K)
 Metaspace       used 1994K, committed 2176K, reserved 1056768K
  class space    used 166K, committed 256K, reserved 1048576K
}
Event: 0.538 GC heap after
{Heap after GC invocations=6 (full 2):
 garbage-first heap   total 20480K, used 5034K [0x0000000081c00000, 0x0000000100000000)
  region size 1024K, 0 young (0K), 0 survivors (0K)
 Metaspace       used 1994K, committed 2176K, reserved 1056768K
  class space    used 166K, committed 256K, reserved 1048576K
}

